#
# A fatal error has been detected by the Java Runtime Environment:
#
#  EXCEPTION_ACCESS_VIOLATION (0xc0000005) at pc=0x6d9b362f, pid=8056, tid=15612
#
# JRE version: 6.0_25-b06
# Java VM: Java HotSpot(TM) Client VM (20.0-b11 mixed mode windows-x86 )
# Problematic frame:
# V  [jvm.dll+0x11362f]
#
# If you would like to submit a bug report, please visit:
#   http://java.sun.com/webapps/bugreport/crash.jsp
#

---------------  T H R E A D  ---------------

Current thread (0x01658000):  WatcherThread [stack: 0x03ee0000,0x03f30000] [id=15612]

siginfo: ExceptionCode=0xc0000005, reading address 0x00000000

Registers:
EAX=0x00000000, EBX=0x00000032, ECX=0x01651330, EDX=0x00000000
ESP=0x03f2fb38, EBP=0x03f2fb44, ESI=0x00000000, EDI=0x00000002
EIP=0x6d9b362f, EFLAGS=0x00010202

Top of Stack: (sp=0x03f2fb38)
0x03f2fb38:   00000000 01658000 00000032 03f2fba4
0x03f2fb48:   6d9b4199 00000032 00000000 00000000
0x03f2fb58:   01658000 10005052 250e33d0 00000000
0x03f2fb68:   001844b0 10000000 75810000 03f2fb60
0x03f2fb78:   f2d1609b 03f2fbdc 100058d0 36fd8c9c
0x03f2fb88:   fffffffe 10005052 00000002 d4746d5f
0x03f2fb98:   0000a0fe 01634730 01658000 03f2ff54
0x03f2fba8:   6d9e0a8c 03f2fbec 10004811 10000000 

Instructions: (pc=0x6d9b362f)
0x6d9b360f:   90 8b 0c b5 80 07 b2 6d 8b 41 04 8b 51 08 03 c3
0x6d9b361f:   3b c2 89 41 04 72 0b 8b 01 c7 41 04 00 00 00 00
0x6d9b362f:   ff 10 a1 a8 07 b2 6d 3b c7 7d 03 4e 8b f8 46 3b
0x6d9b363f:   f0 7c ce 5b 5f 5e 5d c3 cc cc cc cc cc cc cc cc 


Register to memory mapping:

EAX=0x00000000 is an unknown value
EBX=0x00000032 is an unknown value
ECX=0x01651330 is an unknown value
EDX=0x00000000 is an unknown value
ESP=0x03f2fb38 is an unknown value
EBP=0x03f2fb44 is an unknown value
ESI=0x00000000 is an unknown value
EDI=0x00000002 is an unknown value


Stack: [0x03ee0000,0x03f30000],  sp=0x03f2fb38,  free space=318k
Native frames: (J=compiled Java code, j=interpreted, Vv=VM code, C=native code)
V  [jvm.dll+0x11362f]
V  [jvm.dll+0x114199]
V  [jvm.dll+0x140a8c]
C  [msvcr71.dll+0x9565]  endthreadex+0xa0
C  [kernel32.dll+0x4ee1c]  BaseThreadInitThunk+0x12
C  [ntdll.dll+0x637eb]  RtlInitializeExceptionChain+0xef
C  [ntdll.dll+0x637be]  RtlInitializeExceptionChain+0xc2


---------------  P R O C E S S  ---------------

Java Threads: ( => current thread )
  0x04725800 JavaThread "BoneCP-pool-watch-thread" daemon [_thread_blocked, id=13128, stack(0x05910000,0x05960000)]
  0x04725400 JavaThread "BoneCP-keep-alive-scheduler" daemon [_thread_blocked, id=13556, stack(0x058c0000,0x05910000)]
  0x04724c00 JavaThread "BoneCP-release-thread-helper-thread" daemon [_thread_blocked, id=12492, stack(0x05870000,0x058c0000)]
  0x04724800 JavaThread "BoneCP-release-thread-helper-thread" daemon [_thread_blocked, id=6916, stack(0x05820000,0x05870000)]
  0x04724000 JavaThread "BoneCP-release-thread-helper-thread" daemon [_thread_blocked, id=12772, stack(0x057d0000,0x05820000)]
  0x04723800 JavaThread "BoneCP-pool-watch-thread" daemon [_thread_blocked, id=8212, stack(0x05780000,0x057d0000)]
  0x04723400 JavaThread "BoneCP-keep-alive-scheduler" daemon [_thread_blocked, id=6372, stack(0x05730000,0x05780000)]
  0x04722c00 JavaThread "BoneCP-release-thread-helper-thread" daemon [_thread_blocked, id=7848, stack(0x056e0000,0x05730000)]
  0x04722800 JavaThread "BoneCP-release-thread-helper-thread" daemon [_thread_blocked, id=16160, stack(0x05690000,0x056e0000)]
  0x04722000 JavaThread "BoneCP-release-thread-helper-thread" daemon [_thread_blocked, id=11720, stack(0x05640000,0x05690000)]
  0x04721c00 JavaThread "com.google.common.base.internal.Finalizer" daemon [_thread_blocked, id=15000, stack(0x055f0000,0x05640000)]
  0x04720c00 JavaThread "ajp-bio-8011-AsyncTimeout" daemon [_thread_blocked, id=12812, stack(0x05550000,0x055a0000)]
  0x04720800 JavaThread "ajp-bio-8011-Acceptor-0" daemon [_thread_in_native, id=15900, stack(0x05500000,0x05550000)]
  0x04720000 JavaThread "http-bio-80-AsyncTimeout" daemon [_thread_blocked, id=11472, stack(0x054b0000,0x05500000)]
  0x0471fc00 JavaThread "http-bio-80-Acceptor-0" daemon [_thread_in_native, id=14940, stack(0x05390000,0x053e0000)]
  0x0471f400 JavaThread "ContainerBackgroundProcessor[StandardEngine[Catalina]]" daemon [_thread_blocked, id=12424, stack(0x05320000,0x05370000)]
  0x0471f000 JavaThread "SchedulerFactoryBean_QuartzSchedulerThread" [_thread_blocked, id=11796, stack(0x05230000,0x05280000)]
  0x0471e800 JavaThread "SchedulerFactoryBean_Worker-10" [_thread_blocked, id=12728, stack(0x04fe0000,0x05030000)]
  0x0471e000 JavaThread "SchedulerFactoryBean_Worker-9" [_thread_blocked, id=16292, stack(0x04f90000,0x04fe0000)]
  0x041ec800 JavaThread "SchedulerFactoryBean_Worker-8" [_thread_blocked, id=12332, stack(0x04f40000,0x04f90000)]
  0x041ec400 JavaThread "SchedulerFactoryBean_Worker-7" [_thread_blocked, id=11916, stack(0x04ef0000,0x04f40000)]
  0x0471dc00 JavaThread "SchedulerFactoryBean_Worker-6" [_thread_blocked, id=7912, stack(0x04ea0000,0x04ef0000)]
  0x041ebc00 JavaThread "SchedulerFactoryBean_Worker-5" [_thread_blocked, id=12672, stack(0x04e50000,0x04ea0000)]
  0x041eb400 JavaThread "SchedulerFactoryBean_Worker-4" [_thread_blocked, id=11460, stack(0x04e00000,0x04e50000)]
  0x04055c00 JavaThread "SchedulerFactoryBean_Worker-3" [_thread_blocked, id=15088, stack(0x04db0000,0x04e00000)]
  0x041b5400 JavaThread "SchedulerFactoryBean_Worker-2" [_thread_blocked, id=15856, stack(0x04d60000,0x04db0000)]
  0x046b6400 JavaThread "SchedulerFactoryBean_Worker-1" [_thread_in_native, id=12228, stack(0x04d10000,0x04d60000)]
  0x0402f800 JavaThread "pool-2-thread-1" [_thread_blocked, id=10772, stack(0x04430000,0x04480000)]
  0x0402c800 JavaThread "pool-1-thread-1" [_thread_blocked, id=12804, stack(0x043e0000,0x04430000)]
  0x03d84400 JavaThread "GC Daemon" daemon [_thread_blocked, id=15468, stack(0x04330000,0x04380000)]
  0x01657000 JavaThread "Low Memory Detector" daemon [_thread_blocked, id=11416, stack(0x03e90000,0x03ee0000)]
  0x01652c00 JavaThread "C1 CompilerThread0" daemon [_thread_blocked, id=14752, stack(0x03e40000,0x03e90000)]
  0x01652400 JavaThread "Attach Listener" daemon [_thread_blocked, id=14624, stack(0x03df0000,0x03e40000)]
  0x01651c00 JavaThread "Signal Dispatcher" daemon [_thread_blocked, id=14064, stack(0x03da0000,0x03df0000)]
  0x0163ac00 JavaThread "Finalizer" daemon [_thread_blocked, id=14968, stack(0x03b50000,0x03ba0000)]
  0x01639800 JavaThread "Reference Handler" daemon [_thread_blocked, id=13952, stack(0x03b00000,0x03b50000)]
  0x0058b000 JavaThread "main" [_thread_in_native, id=15284, stack(0x003b0000,0x00400000)]

Other Threads:
  0x01635800 VMThread [stack: 0x03ab0000,0x03b00000] [id=13500]
=>0x01658000 WatcherThread [stack: 0x03ee0000,0x03f30000] [id=15612]

VM state:not at safepoint (normal execution)

VM Mutex/Monitor currently owned by a thread: None

Heap
 def new generation   total 314560K, used 16778K [0x10020000, 0x25570000, 0x25570000)
  eden space 279616K,   6% used [0x10020000, 0x110828b0, 0x21130000)
  from space 34944K,   0% used [0x21130000, 0x21130000, 0x23350000)
  to   space 34944K,   0% used [0x23350000, 0x23350000, 0x25570000)
 tenured generation   total 699072K, used 11202K [0x25570000, 0x50020000, 0x50020000)
   the space 699072K,   1% used [0x25570000, 0x26060a10, 0x26060c00, 0x50020000)
 compacting perm gen  total 25600K, used 25387K [0x50020000, 0x51920000, 0x54020000)
   the space 25600K,  99% used [0x50020000, 0x518eae98, 0x518eb000, 0x51920000)
No shared spaces configured.

Code Cache  [0x016a0000, 0x01a20000, 0x036a0000)
 total_blobs=1686 nmethods=1515 adapters=106 free_code_cache=29892032 largest_free_block=384

Dynamic libraries:
0x00400000 - 0x00424000 	C:\Program Files\Java\jdk1.6.0_25\bin\java.exe
0x76e30000 - 0x76f6c000 	C:\Windows\SYSTEM32\ntdll.dll
0x75810000 - 0x758e4000 	C:\Windows\system32\kernel32.dll
0x74b80000 - 0x74bcb000 	C:\Windows\system32\KERNELBASE.dll
0x755d0000 - 0x75670000 	C:\Windows\system32\ADVAPI32.dll
0x750c0000 - 0x7516c000 	C:\Windows\system32\msvcrt.dll
0x76fb0000 - 0x76fc9000 	C:\Windows\SYSTEM32\sechost.dll
0x75500000 - 0x755a2000 	C:\Windows\system32\RPCRT4.dll
0x7c340000 - 0x7c396000 	C:\Program Files\Java\jdk1.6.0_25\jre\bin\msvcr71.dll
0x6d8a0000 - 0x6db4f000 	C:\Program Files\Java\jdk1.6.0_25\jre\bin\client\jvm.dll
0x75170000 - 0x75239000 	C:\Windows\system32\USER32.dll
0x76cd0000 - 0x76d1e000 	C:\Windows\system32\GDI32.dll
0x754f0000 - 0x754fa000 	C:\Windows\system32\LPK.dll
0x769f0000 - 0x76a8d000 	C:\Windows\system32\USP10.dll
0x74e40000 - 0x74e72000 	C:\Windows\system32\WINMM.dll
0x755b0000 - 0x755cf000 	C:\Windows\system32\IMM32.DLL
0x766d0000 - 0x7679c000 	C:\Windows\system32\MSCTF.dll
0x749a0000 - 0x749ec000 	C:\Windows\system32\apphelp.dll
0x10000000 - 0x1001c000 	C:\PROGRA~1\COMMON~1\Baidu\BDWEBA~1\20320~1.0\BDEWebAdapterFrame.dll
0x6d850000 - 0x6d85c000 	C:\Program Files\Java\jdk1.6.0_25\jre\bin\verify.dll
0x6d3d0000 - 0x6d3ef000 	C:\Program Files\Java\jdk1.6.0_25\jre\bin\java.dll
0x76fa0000 - 0x76fa5000 	C:\Windows\system32\PSAPI.DLL
0x6d890000 - 0x6d89f000 	C:\Program Files\Java\jdk1.6.0_25\jre\bin\zip.dll
0x6d600000 - 0x6d609000 	C:\Program Files\Java\jdk1.6.0_25\jre\bin\management.dll
0x6d830000 - 0x6d838000 	C:\Program Files\Java\jdk1.6.0_25\jre\bin\sunmscapi.dll
0x74ce0000 - 0x74e01000 	C:\Windows\system32\CRYPT32.dll
0x74ad0000 - 0x74adc000 	C:\Windows\system32\MSASN1.dll
0x6d6b0000 - 0x6d6c3000 	C:\Program Files\Java\jdk1.6.0_25\jre\bin\net.dll
0x75a40000 - 0x75a75000 	C:\Windows\system32\WS2_32.dll
0x75300000 - 0x75306000 	C:\Windows\system32\NSI.dll
0x744d0000 - 0x7450c000 	C:\Windows\system32\mswsock.dll
0x744c0000 - 0x744c6000 	C:\Windows\System32\wship6.dll
0x73680000 - 0x73685000 	C:\Windows\System32\wshtcpip.dll
0x74510000 - 0x74527000 	C:\Windows\system32\CRYPTSP.dll
0x742b0000 - 0x742eb000 	C:\Windows\system32\rsaenh.dll
0x74b00000 - 0x74b17000 	C:\Windows\system32\USERENV.dll
0x74ae0000 - 0x74aeb000 	C:\Windows\system32\profapi.dll
0x749f0000 - 0x749fc000 	C:\Windows\system32\CRYPTBASE.dll
0x73030000 - 0x73040000 	C:\Windows\system32\NLAapi.dll
0x73020000 - 0x73030000 	C:\Windows\system32\napinsp.dll
0x73000000 - 0x73012000 	C:\Windows\system32\pnrpnsp.dll
0x74390000 - 0x743d4000 	C:\Windows\system32\DNSAPI.dll
0x72ff0000 - 0x72ff8000 	C:\Windows\System32\winrnr.dll
0x72fe0000 - 0x72fed000 	C:\Windows\system32\wshbth.dll
0x73a80000 - 0x73a9c000 	C:\Windows\system32\IPHLPAPI.DLL
0x73a70000 - 0x73a77000 	C:\Windows\system32\WINNSI.DLL
0x72d50000 - 0x72d56000 	C:\Windows\system32\rasadhlp.dll
0x70780000 - 0x707b8000 	C:\Windows\System32\fwpuclnt.dll

VM Arguments:
jvm_args: -Djava.util.logging.config.file=D:\tomcat\conf\logging.properties -Djava.util.logging.manager=org.apache.juli.ClassLoaderLogManager -Xms1024m -Xmx1024m -XX:-UseGCOverheadLimit -Djava.endorsed.dirs=D:\tomcat\endorsed -Dcatalina.base=D:\tomcat -Dcatalina.home=D:\tomcat -Djava.io.tmpdir=D:\tomcat\temp 
java_command: org.apache.catalina.startup.Bootstrap start
Launcher Type: SUN_STANDARD

Environment Variables:
JAVA_HOME=C:\Program Files\Java\jdk1.6.0_25
JRE_HOME=C:\Program Files\Java\jdk1.6.0_25
CLASSPATH=D:\tomcat\bin\bootstrap.jar;D:\tomcat\bin\tomcat-juli.jar
PATH=.;C:\Program Files\Java\jdk1.6.0_25\bin;C:\app\Damon\product\11.1.0\db_1\bin;C:\Windows\system32;C:\Windows;C:\Windows\System32\Wbem;C:\Windows\System32\WindowsPowerShell\v1.0\;C:\Program Files\ThinkPad\Bluetooth Software\;C:\Program Files\Broadcom\WHL\;C:\Program Files\Common Files\Ulead Systems\MPEG;C:\Program Files\Common Files\Lenovo;C:\SWTOOLS\ReadyApps;C:\Program Files\Intel\Services\IPT\;C:\Program Files\Symantec\VIP Access Client\;C:\Program Files\MySQL\MySQL Server 5.0\bin;C:\Program Files\Microsoft SQL Server\80\Tools\Binn\;C:\Program Files\Microsoft SQL Server\90\DTS\Binn\;C:\Program Files\Microsoft SQL Server\90\Tools\binn\;C:\Program Files\Microsoft SQL Server\90\Tools\Binn\VSShell\Common7\IDE\;C:\Program Files\Microsoft Visual Studio 8\Common7\IDE\PrivateAssemblies\;c:\Program Files\Microsoft SQL Server\100\Tools\Binn\;c:\Program Files\Microsoft SQL Server\100\DTS\Binn\;C:\Python33;C:\Program Files\TortoiseSVN\bin;C:\Program Files\Subversion\bin;.;C:\Program Files\Java\jdk1.8.0_05\bin;C:\Program Files\SSH Communications Security\SSH Secure Shell;D:\study\apache-ant-1.8.4-bin\apache-ant-1.8.4\bin;C:\Program Files\OpenVPN\bin
USERNAME=Damon
OS=Windows_NT
PROCESSOR_IDENTIFIER=x86 Family 6 Model 42 Stepping 7, GenuineIntel



---------------  S Y S T E M  ---------------

OS: Windows 7 Build 7601 Service Pack 1

CPU:total 4 (2 cores per cpu, 2 threads per core) family 6 model 42 stepping 7, cmov, cx8, fxsr, mmx, sse, sse2, sse3, ssse3, sse4.1, sse4.2, popcnt, ht

Memory: 4k page, physical 3577072k(1472512k free), swap 7152392k(2633700k free)

vm_info: Java HotSpot(TM) Client VM (20.0-b11) for windows-x86 JRE (1.6.0_25-b06), built on Apr 14 2011 01:04:32 by "java_re" with MS VC++ 7.1 (VS2003)

time: Sat Jan 24 15:43:24 2015
elapsed time: 10 seconds

