/*C14*/SET SCHEMA PUBLIC
DISCONNECT
/*C18*/SET SCHEMA PUBLIC
DELETE FROM TBL_SYS_USERS WHERE USER_CODE='admin'
INSERT INTO TBL_SYS_USERS VALUES('admin','\u7cfb\u7edf\u7ba1\u7406\u5458','25d55ad283aa400af464c76d713c07ad','20120622093158297',1,1374853763366,'admin@example.com','13581890357',NULL,0,0)
COMMIT
/*C21*/SET SCHEMA PUBLIC
INSERT INTO TBL_SYS_OPERATION VALUES(1374853763397,'admin','0:0:0:0:0:0:0:1','USER','logon','\u7528\u6237\u767b\u5f55:admin','20120622093158297',0)
COMMIT
/*C25*/SET SCHEMA PUBLIC
DISCONNECT
/*C19*/SET SCHEMA PUBLIC
DISCONNECT
/*C18*/DISCONNECT
/*C20*/SET SCHEMA PUBLIC
DISCONNECT
/*C21*/DISCONNECT
/*C28*/SET SCHEMA PUBLIC
DISCONNECT
/*C29*/SET SCHEMA PUBLIC
DISCONNECT
/*C30*/SET SCHEMA PUBLIC
DISCONNECT
/*C16*/SET SCHEMA PUBLIC
DISCONNECT
/*C17*/SET SCHEMA PUBLIC
DISCONNECT
/*C15*/SET SCHEMA PUBLIC
DELETE FROM TBL_SYS_USERS WHERE USER_CODE='admin'
INSERT INTO TBL_SYS_USERS VALUES('admin','\u7cfb\u7edf\u7ba1\u7406\u5458','25d55ad283aa400af464c76d713c07ad','20120622093158297',1,1374855019530,'admin@example.com','13581890357',NULL,0,0)
COMMIT
INSERT INTO TBL_SYS_OPERATION VALUES(1374855019539,'admin','0:0:0:0:0:0:0:1','USER','logon','\u7528\u6237\u767b\u5f55:admin','20120622093158297',0)
COMMIT
/*C26*/SET SCHEMA PUBLIC
DISCONNECT
/*C31*/SET SCHEMA PUBLIC
DISCONNECT
/*C32*/SET SCHEMA PUBLIC
DISCONNECT
/*C33*/SET SCHEMA PUBLIC
DISCONNECT
/*C34*/SET SCHEMA PUBLIC
DISCONNECT
/*C35*/SET SCHEMA PUBLIC
DISCONNECT
/*C15*/DISCONNECT
/*C27*/SET SCHEMA PUBLIC
DISCONNECT
/*C23*/SET SCHEMA PUBLIC
DISCONNECT
/*C22*/SET SCHEMA PUBLIC
DISCONNECT
/*C24*/SET SCHEMA PUBLIC
DISCONNECT
