/*C6*/SET SCHEMA PUBLIC
DISCONNECT
/*C8*/SET SCHEMA PUBLIC
DISCONNECT
/*C10*/SET SCHEMA PUBLIC
DISCONNECT
/*C12*/SET SCHEMA PUBLIC
DELETE FROM TBL_NUMBER_INFO WHERE NUMBER_CODE='4009678013'
INSERT INTO TBL_NUMBER_INFO VALUES('4009678013',200.0E0,1409806186849,'0','0','','4009-678-013',0.16E0)
COMMIT
DISCONNECT
/*C14*/SET SCHEMA PUBLIC
DELETE FROM TBL_NUMBER_INFO WHERE NUMBER_CODE='4009678015'
INSERT INTO TBL_NUMBER_INFO VALUES('4009678015',200.0E0,1409806186849,'0','0','','4009-678-015',0.16E0)
COMMIT
DISCONNECT
/*C16*/SET SCHEMA PUBLIC
DELETE FROM TBL_NUMBER_INFO WHERE NUMBER_CODE='4009678031'
INSERT INTO TBL_NUMBER_INFO VALUES('4009678031',200.0E0,1409806186849,'0','0','','4009-678-031',0.16E0)
COMMIT
DISCONNECT
/*C18*/SET SCHEMA PUBLIC
DELETE FROM TBL_NUMBER_INFO WHERE NUMBER_CODE='4009678032'
INSERT INTO TBL_NUMBER_INFO VALUES('4009678032',200.0E0,1409806186849,'0','0','','4009-678-032',0.16E0)
COMMIT
DISCONNECT
/*C20*/SET SCHEMA PUBLIC
DELETE FROM TBL_NUMBER_INFO WHERE NUMBER_CODE='4009678035'
INSERT INTO TBL_NUMBER_INFO VALUES('4009678035',200.0E0,1409806186849,'0','0','','4009-678-035',0.16E0)
COMMIT
DISCONNECT
/*C22*/SET SCHEMA PUBLIC
DELETE FROM TBL_NUMBER_INFO WHERE NUMBER_CODE='4009678037'
INSERT INTO TBL_NUMBER_INFO VALUES('4009678037',200.0E0,1409806186849,'0','0','','4009-678-037',0.16E0)
COMMIT
DISCONNECT
/*C24*/SET SCHEMA PUBLIC
DELETE FROM TBL_NUMBER_INFO WHERE NUMBER_CODE='4009678051'
INSERT INTO TBL_NUMBER_INFO VALUES('4009678051',200.0E0,1409806186849,'0','0','','4009-678-051',0.16E0)
COMMIT
DISCONNECT
/*C26*/SET SCHEMA PUBLIC
DELETE FROM TBL_NUMBER_INFO WHERE NUMBER_CODE='4009678052'
INSERT INTO TBL_NUMBER_INFO VALUES('4009678052',200.0E0,1409806186849,'0','0','','4009-678-052',0.16E0)
COMMIT
DISCONNECT
/*C28*/SET SCHEMA PUBLIC
DELETE FROM TBL_NUMBER_INFO WHERE NUMBER_CODE='4009678053'
INSERT INTO TBL_NUMBER_INFO VALUES('4009678053',200.0E0,1409806186849,'0','0','','4009-678-053',0.16E0)
COMMIT
DISCONNECT
/*C30*/SET SCHEMA PUBLIC
DELETE FROM TBL_NUMBER_INFO WHERE NUMBER_CODE='4009678056'
INSERT INTO TBL_NUMBER_INFO VALUES('4009678056',200.0E0,1409806186849,'0','0','','4009-678-056',0.16E0)
COMMIT
DISCONNECT
/*C32*/SET SCHEMA PUBLIC
DELETE FROM TBL_NUMBER_INFO WHERE NUMBER_CODE='4009678061'
INSERT INTO TBL_NUMBER_INFO VALUES('4009678061',200.0E0,1409806186849,'0','0','','4009-678-061',0.16E0)
COMMIT
DISCONNECT
/*C34*/SET SCHEMA PUBLIC
DELETE FROM TBL_NUMBER_INFO WHERE NUMBER_CODE='4009678062'
INSERT INTO TBL_NUMBER_INFO VALUES('4009678062',200.0E0,1409806186849,'0','0','','4009-678-062',0.16E0)
COMMIT
DISCONNECT
/*C36*/SET SCHEMA PUBLIC
DELETE FROM TBL_NUMBER_INFO WHERE NUMBER_CODE='4009678063'
INSERT INTO TBL_NUMBER_INFO VALUES('4009678063',200.0E0,1409806186849,'0','0','','4009-678-063',0.16E0)
COMMIT
DISCONNECT
/*C38*/SET SCHEMA PUBLIC
DELETE FROM TBL_NUMBER_INFO WHERE NUMBER_CODE='4009678071'
INSERT INTO TBL_NUMBER_INFO VALUES('4009678071',200.0E0,1409806186849,'0','0','','4009-678-071',0.16E0)
COMMIT
DISCONNECT
/*C40*/SET SCHEMA PUBLIC
DELETE FROM TBL_NUMBER_INFO WHERE NUMBER_CODE='4009678072'
INSERT INTO TBL_NUMBER_INFO VALUES('4009678072',200.0E0,1409806186849,'0','0','','4009-678-072',0.16E0)
COMMIT
DISCONNECT
/*C42*/SET SCHEMA PUBLIC
DELETE FROM TBL_NUMBER_INFO WHERE NUMBER_CODE='4009678073'
INSERT INTO TBL_NUMBER_INFO VALUES('4009678073',200.0E0,1409806186849,'0','0','','4009-678-073',0.16E0)
COMMIT
DISCONNECT
/*C44*/SET SCHEMA PUBLIC
DELETE FROM TBL_NUMBER_INFO WHERE NUMBER_CODE='4009678075'
INSERT INTO TBL_NUMBER_INFO VALUES('4009678075',200.0E0,1409806186849,'0','0','','4009-678-075',0.16E0)
COMMIT
DISCONNECT
/*C46*/SET SCHEMA PUBLIC
DELETE FROM TBL_NUMBER_INFO WHERE NUMBER_CODE='4009678081'
INSERT INTO TBL_NUMBER_INFO VALUES('4009678081',200.0E0,1409806186849,'0','0','','4009-678-081',0.16E0)
COMMIT
DISCONNECT
/*C48*/SET SCHEMA PUBLIC
DELETE FROM TBL_NUMBER_INFO WHERE NUMBER_CODE='4009678082'
INSERT INTO TBL_NUMBER_INFO VALUES('4009678082',200.0E0,1409806186849,'0','0','','4009-678-082',0.16E0)
COMMIT
DISCONNECT
/*C50*/SET SCHEMA PUBLIC
DELETE FROM TBL_NUMBER_INFO WHERE NUMBER_CODE='4009678083'
INSERT INTO TBL_NUMBER_INFO VALUES('4009678083',200.0E0,1409806186849,'0','0','','4009-678-083',0.16E0)
COMMIT
DISCONNECT
/*C52*/SET SCHEMA PUBLIC
DELETE FROM TBL_NUMBER_INFO WHERE NUMBER_CODE='4009678085'
INSERT INTO TBL_NUMBER_INFO VALUES('4009678085',200.0E0,1409806186849,'0','0','','4009-678-085',0.16E0)
COMMIT
DISCONNECT
/*C54*/SET SCHEMA PUBLIC
DELETE FROM TBL_NUMBER_INFO WHERE NUMBER_CODE='4009678091'
INSERT INTO TBL_NUMBER_INFO VALUES('4009678091',200.0E0,1409806186849,'0','0','','4009-678-091',0.16E0)
COMMIT
DISCONNECT
/*C56*/SET SCHEMA PUBLIC
DELETE FROM TBL_NUMBER_INFO WHERE NUMBER_CODE='4009678092'
INSERT INTO TBL_NUMBER_INFO VALUES('4009678092',200.0E0,1409806186849,'0','0','','4009-678-092',0.16E0)
COMMIT
DISCONNECT
/*C58*/SET SCHEMA PUBLIC
DELETE FROM TBL_NUMBER_INFO WHERE NUMBER_CODE='4009678093'
INSERT INTO TBL_NUMBER_INFO VALUES('4009678093',200.0E0,1409806186849,'0','0','','4009-678-093',0.16E0)
COMMIT
DISCONNECT
/*C60*/SET SCHEMA PUBLIC
DELETE FROM TBL_NUMBER_INFO WHERE NUMBER_CODE='4009678095'
INSERT INTO TBL_NUMBER_INFO VALUES('4009678095',200.0E0,1409806186849,'0','0','','4009-678-095',0.16E0)
COMMIT
DISCONNECT
/*C62*/SET SCHEMA PUBLIC
DISCONNECT
