2015-11-25 9:16:30 org.apache.catalina.core.AprLifecycleListener init
信息: The APR based Apache Tomcat Native library which allows optimal performance in production environments was not found on the java.library.path: .:/Library/Java/Extensions:/System/Library/Java/Extensions:/usr/lib/java
2015-11-25 9:16:30 org.apache.coyote.AbstractProtocol init
信息: Initializing ProtocolHandler ["http-bio-8081"]
2015-11-25 9:16:30 org.apache.coyote.AbstractProtocol init
信息: Initializing ProtocolHandler ["ajp-bio-8011"]
2015-11-25 9:16:30 org.apache.catalina.startup.Catalina load
信息: Initialization processed in 734 ms
2015-11-25 9:16:30 org.apache.catalina.core.StandardService startInternal
信息: Starting service Catalina
2015-11-25 9:16:30 org.apache.catalina.core.StandardEngine startInternal
信息: Starting Servlet Engine: Apache Tomcat/7.0.27
2015-11-25 9:16:30 org.apache.catalina.startup.HostConfig deployDescriptor
信息: Deploying configuration descriptor /Users/baochuquan/Sites/TomCat/conf/Catalina/localhost/ROOT.xml
2015-11-25 9:16:30 org.apache.catalina.startup.HostConfig deployDescriptor
警告: A docBase /Users/baochuquan/Sites/TomCat/webapps/D:/workspace/Jade/webApp inside the host appBase has been specified, and will be ignored
2015-11-25 9:16:30 org.apache.catalina.loader.WebappClassLoader validateJarFile
信息: validateJarFile(/Users/baochuquan/Sites/TomCat/webapps/ROOT/WEB-INF/lib/servlet-api.jar) - jar not loaded. See Servlet Spec 2.3, section 9.7.2. Offending class: javax/servlet/Servlet.class
2015-11-25 9:16:30 org.apache.catalina.loader.WebappClassLoader validateJarFile
信息: validateJarFile(/Users/baochuquan/Sites/TomCat/webapps/ROOT/WEB-INF/lib/servlet.jar) - jar not loaded. See Servlet Spec 2.3, section 9.7.2. Offending class: javax/servlet/Servlet.class
2015-11-25 9:16:34 org.apache.coyote.AbstractProtocol start
信息: Starting ProtocolHandler ["http-bio-8081"]
2015-11-25 9:16:34 org.apache.coyote.AbstractProtocol start
信息: Starting ProtocolHandler ["ajp-bio-8011"]
2015-11-25 9:16:34 org.apache.catalina.startup.Catalina start
信息: Server startup in 4088 ms
2015-11-25 9:37:25 org.apache.catalina.core.StandardServer await
信息: A valid shutdown command was received via the shutdown port. Stopping the Server instance.
2015-11-25 9:37:25 org.apache.coyote.AbstractProtocol pause
信息: Pausing ProtocolHandler ["http-bio-8081"]
2015-11-25 9:37:25 org.apache.coyote.AbstractProtocol pause
信息: Pausing ProtocolHandler ["ajp-bio-8011"]
2015-11-25 9:37:26 org.apache.catalina.core.StandardService stopInternal
信息: Stopping service Catalina
2015-11-25 9:37:26 org.apache.catalina.core.StandardWrapper unload
信息: Waiting for 1 instance(s) to be deallocated
2015-11-25 9:37:27 org.apache.catalina.core.StandardWrapper unload
信息: Waiting for 1 instance(s) to be deallocated
2015-11-25 9:37:28 org.apache.catalina.core.StandardWrapper unload
信息: Waiting for 1 instance(s) to be deallocated
2015-11-25 9:37:28 org.apache.catalina.loader.WebappClassLoader clearReferencesJdbc
严重: The web application [] registered the JDBC driver [com.mysql.jdbc.Driver] but failed to unregister it when the web application was stopped. To prevent a memory leak, the JDBC Driver has been forcibly unregistered.
2015-11-25 9:37:28 org.apache.catalina.loader.WebappClassLoader clearReferencesThreads
严重: The web application [] appears to have started a thread named [SchedulerFactoryBean_Worker-1] but has failed to stop it. This is very likely to create a memory leak.
2015-11-25 9:37:28 org.apache.catalina.loader.WebappClassLoader clearReferencesThreads
严重: The web application [] appears to have started a thread named [SchedulerFactoryBean_Worker-2] but has failed to stop it. This is very likely to create a memory leak.
2015-11-25 9:37:28 org.apache.catalina.loader.WebappClassLoader clearReferencesThreads
严重: The web application [] appears to have started a thread named [SchedulerFactoryBean_Worker-3] but has failed to stop it. This is very likely to create a memory leak.
2015-11-25 9:37:28 org.apache.catalina.loader.WebappClassLoader clearReferencesThreads
严重: The web application [] appears to have started a thread named [SchedulerFactoryBean_Worker-4] but has failed to stop it. This is very likely to create a memory leak.
2015-11-25 9:37:28 org.apache.catalina.loader.WebappClassLoader clearReferencesThreads
严重: The web application [] appears to have started a thread named [SchedulerFactoryBean_Worker-5] but has failed to stop it. This is very likely to create a memory leak.
2015-11-25 9:37:28 org.apache.catalina.loader.WebappClassLoader clearReferencesThreads
严重: The web application [] appears to have started a thread named [SchedulerFactoryBean_Worker-6] but has failed to stop it. This is very likely to create a memory leak.
2015-11-25 9:37:28 org.apache.catalina.loader.WebappClassLoader clearReferencesThreads
严重: The web application [] appears to have started a thread named [SchedulerFactoryBean_Worker-7] but has failed to stop it. This is very likely to create a memory leak.
2015-11-25 9:37:28 org.apache.catalina.loader.WebappClassLoader clearReferencesThreads
严重: The web application [] appears to have started a thread named [SchedulerFactoryBean_Worker-8] but has failed to stop it. This is very likely to create a memory leak.
2015-11-25 9:37:28 org.apache.catalina.loader.WebappClassLoader clearReferencesThreads
严重: The web application [] appears to have started a thread named [SchedulerFactoryBean_Worker-9] but has failed to stop it. This is very likely to create a memory leak.
2015-11-25 9:37:28 org.apache.catalina.loader.WebappClassLoader clearReferencesThreads
严重: The web application [] appears to have started a thread named [SchedulerFactoryBean_Worker-10] but has failed to stop it. This is very likely to create a memory leak.
2015-11-25 9:37:28 org.apache.catalina.loader.WebappClassLoader clearReferencesThreads
严重: The web application [] is still processing a request that has yet to finish. This is very likely to create a memory leak. You can control the time allowed for requests to finish by using the unloadDelay attribute of the standard Context implementation.
2015-11-25 9:37:28 org.apache.catalina.loader.WebappClassLoader checkThreadLocalMapForLeaks
严重: The web application [] created a ThreadLocal with key of type [net.sourceforge.stripes.controller.StripesFilter$1] (value [net.sourceforge.stripes.controller.StripesFilter$1@4d0948bd]) and a value of type [java.lang.Boolean] (value [false]) but failed to remove it when the web application was stopped. Threads are going to be renewed over time to try and avoid a probable memory leak.
2015-11-25 9:37:28 org.apache.catalina.loader.WebappClassLoader checkThreadLocalMapForLeaks
严重: The web application [] created a ThreadLocal with key of type [java.lang.ThreadLocal] (value [java.lang.ThreadLocal@1c8697ce]) and a value of type [net.sourceforge.stripes.config.RuntimeConfiguration] (value [net.sourceforge.stripes.config.RuntimeConfiguration@48586403]) but failed to remove it when the web application was stopped. Threads are going to be renewed over time to try and avoid a probable memory leak.
2015-11-25 9:37:28 org.apache.coyote.AbstractProtocol stop
信息: Stopping ProtocolHandler ["http-bio-8081"]
2015-11-25 9:37:28 org.apache.coyote.AbstractProtocol stop
信息: Stopping ProtocolHandler ["ajp-bio-8011"]
2015-11-25 9:37:28 org.apache.coyote.AbstractProtocol destroy
信息: Destroying ProtocolHandler ["http-bio-8081"]
2015-11-25 9:37:28 org.apache.coyote.AbstractProtocol destroy
信息: Destroying ProtocolHandler ["ajp-bio-8011"]
2015-11-25 9:37:28 org.apache.catalina.deploy.NamingResources destroyInternal
警告: Failed to destroy MBean for naming resource [UserDatabase]
javax.management.InstanceNotFoundException: Users:type=UserDatabase,database=UserDatabase
	at com.sun.jmx.interceptor.DefaultMBeanServerInterceptor.getMBean(DefaultMBeanServerInterceptor.java:1092)
	at com.sun.jmx.interceptor.DefaultMBeanServerInterceptor.exclusiveUnregisterMBean(DefaultMBeanServerInterceptor.java:415)
	at com.sun.jmx.interceptor.DefaultMBeanServerInterceptor.unregisterMBean(DefaultMBeanServerInterceptor.java:403)
	at com.sun.jmx.mbeanserver.JmxMBeanServer.unregisterMBean(JmxMBeanServer.java:516)
	at org.apache.catalina.mbeans.MBeanUtils.destroyMBeanUserDatabase(MBeanUtils.java:1621)
	at org.apache.catalina.mbeans.MBeanUtils.destroyMBean(MBeanUtils.java:1207)
	at org.apache.catalina.deploy.NamingResources.destroyInternal(NamingResources.java:1073)
	at org.apache.catalina.util.LifecycleBase.destroy(LifecycleBase.java:304)
	at org.apache.catalina.core.StandardServer.destroyInternal(StandardServer.java:825)
	at org.apache.catalina.util.LifecycleBase.destroy(LifecycleBase.java:304)
	at org.apache.catalina.startup.Catalina.stop(Catalina.java:743)
	at org.apache.catalina.startup.Catalina.start(Catalina.java:704)
	at sun.reflect.NativeMethodAccessorImpl.invoke0(Native Method)
	at sun.reflect.NativeMethodAccessorImpl.invoke(NativeMethodAccessorImpl.java:39)
	at sun.reflect.DelegatingMethodAccessorImpl.invoke(DelegatingMethodAccessorImpl.java:25)
	at java.lang.reflect.Method.invoke(Method.java:597)
	at org.apache.catalina.startup.Bootstrap.start(Bootstrap.java:322)
	at org.apache.catalina.startup.Bootstrap.main(Bootstrap.java:450)
2015-11-25 9:37:50 org.apache.catalina.core.AprLifecycleListener init
信息: The APR based Apache Tomcat Native library which allows optimal performance in production environments was not found on the java.library.path: .:/Library/Java/Extensions:/System/Library/Java/Extensions:/usr/lib/java
2015-11-25 9:37:50 org.apache.coyote.AbstractProtocol init
信息: Initializing ProtocolHandler ["http-bio-8081"]
2015-11-25 9:37:50 org.apache.coyote.AbstractProtocol init
信息: Initializing ProtocolHandler ["ajp-bio-8011"]
2015-11-25 9:37:50 org.apache.catalina.startup.Catalina load
信息: Initialization processed in 780 ms
2015-11-25 9:37:50 org.apache.catalina.core.StandardService startInternal
信息: Starting service Catalina
2015-11-25 9:37:50 org.apache.catalina.core.StandardEngine startInternal
信息: Starting Servlet Engine: Apache Tomcat/7.0.27
2015-11-25 9:37:50 org.apache.catalina.startup.HostConfig deployDescriptor
信息: Deploying configuration descriptor /Users/baochuquan/Sites/TomCat/conf/Catalina/localhost/ROOT.xml
2015-11-25 9:37:50 org.apache.catalina.startup.HostConfig deployDescriptor
警告: A docBase /Users/baochuquan/Sites/TomCat/webapps/D:/workspace/Jade/webApp inside the host appBase has been specified, and will be ignored
2015-11-25 9:37:51 org.apache.catalina.loader.WebappClassLoader validateJarFile
信息: validateJarFile(/Users/baochuquan/Sites/TomCat/webapps/ROOT/WEB-INF/lib/servlet-api.jar) - jar not loaded. See Servlet Spec 2.3, section 9.7.2. Offending class: javax/servlet/Servlet.class
2015-11-25 9:37:51 org.apache.catalina.loader.WebappClassLoader validateJarFile
信息: validateJarFile(/Users/baochuquan/Sites/TomCat/webapps/ROOT/WEB-INF/lib/servlet.jar) - jar not loaded. See Servlet Spec 2.3, section 9.7.2. Offending class: javax/servlet/Servlet.class
2015-11-25 9:37:55 org.apache.coyote.AbstractProtocol start
信息: Starting ProtocolHandler ["http-bio-8081"]
2015-11-25 9:37:55 org.apache.coyote.AbstractProtocol start
信息: Starting ProtocolHandler ["ajp-bio-8011"]
2015-11-25 9:37:55 org.apache.catalina.startup.Catalina start
信息: Server startup in 4616 ms
2015-11-25 11:27:45 org.apache.catalina.core.StandardServer await
信息: A valid shutdown command was received via the shutdown port. Stopping the Server instance.
2015-11-25 11:27:45 org.apache.coyote.AbstractProtocol pause
信息: Pausing ProtocolHandler ["http-bio-8081"]
2015-11-25 11:27:45 org.apache.coyote.AbstractProtocol pause
信息: Pausing ProtocolHandler ["ajp-bio-8011"]
2015-11-25 11:27:45 org.apache.catalina.core.StandardService stopInternal
信息: Stopping service Catalina
2015-11-25 11:27:45 org.apache.catalina.loader.WebappClassLoader clearReferencesJdbc
严重: The web application [] registered the JDBC driver [com.mysql.jdbc.Driver] but failed to unregister it when the web application was stopped. To prevent a memory leak, the JDBC Driver has been forcibly unregistered.
2015-11-25 11:27:45 org.apache.catalina.loader.WebappClassLoader clearReferencesThreads
严重: The web application [] appears to have started a thread named [SchedulerFactoryBean_Worker-1] but has failed to stop it. This is very likely to create a memory leak.
2015-11-25 11:27:45 org.apache.catalina.loader.WebappClassLoader clearReferencesThreads
严重: The web application [] appears to have started a thread named [SchedulerFactoryBean_Worker-2] but has failed to stop it. This is very likely to create a memory leak.
2015-11-25 11:27:45 org.apache.catalina.loader.WebappClassLoader clearReferencesThreads
严重: The web application [] appears to have started a thread named [SchedulerFactoryBean_Worker-3] but has failed to stop it. This is very likely to create a memory leak.
2015-11-25 11:27:45 org.apache.catalina.loader.WebappClassLoader clearReferencesThreads
严重: The web application [] appears to have started a thread named [SchedulerFactoryBean_Worker-4] but has failed to stop it. This is very likely to create a memory leak.
2015-11-25 11:27:45 org.apache.catalina.loader.WebappClassLoader clearReferencesThreads
严重: The web application [] appears to have started a thread named [SchedulerFactoryBean_Worker-5] but has failed to stop it. This is very likely to create a memory leak.
2015-11-25 11:27:45 org.apache.catalina.loader.WebappClassLoader clearReferencesThreads
严重: The web application [] appears to have started a thread named [SchedulerFactoryBean_Worker-6] but has failed to stop it. This is very likely to create a memory leak.
2015-11-25 11:27:45 org.apache.catalina.loader.WebappClassLoader clearReferencesThreads
严重: The web application [] appears to have started a thread named [SchedulerFactoryBean_Worker-7] but has failed to stop it. This is very likely to create a memory leak.
2015-11-25 11:27:45 org.apache.catalina.loader.WebappClassLoader clearReferencesThreads
严重: The web application [] appears to have started a thread named [SchedulerFactoryBean_Worker-8] but has failed to stop it. This is very likely to create a memory leak.
2015-11-25 11:27:45 org.apache.catalina.loader.WebappClassLoader clearReferencesThreads
严重: The web application [] appears to have started a thread named [SchedulerFactoryBean_Worker-9] but has failed to stop it. This is very likely to create a memory leak.
2015-11-25 11:27:45 org.apache.catalina.loader.WebappClassLoader clearReferencesThreads
严重: The web application [] appears to have started a thread named [SchedulerFactoryBean_Worker-10] but has failed to stop it. This is very likely to create a memory leak.
2015-11-25 11:27:45 org.apache.catalina.loader.WebappClassLoader clearReferencesThreads
严重: The web application [] appears to have started a thread named [com.google.common.base.internal.Finalizer] but has failed to stop it. This is very likely to create a memory leak.
2015-11-25 11:27:45 org.apache.coyote.AbstractProtocol stop
信息: Stopping ProtocolHandler ["http-bio-8081"]
2015-11-25 11:27:45 org.apache.coyote.AbstractProtocol stop
信息: Stopping ProtocolHandler ["ajp-bio-8011"]
2015-11-25 11:27:45 org.apache.coyote.AbstractProtocol destroy
信息: Destroying ProtocolHandler ["http-bio-8081"]
2015-11-25 11:27:45 org.apache.coyote.AbstractProtocol destroy
信息: Destroying ProtocolHandler ["ajp-bio-8011"]
2015-11-25 11:27:45 org.apache.catalina.deploy.NamingResources destroyInternal
警告: Failed to destroy MBean for naming resource [UserDatabase]
javax.management.InstanceNotFoundException: Users:type=UserDatabase,database=UserDatabase
	at com.sun.jmx.interceptor.DefaultMBeanServerInterceptor.getMBean(DefaultMBeanServerInterceptor.java:1092)
	at com.sun.jmx.interceptor.DefaultMBeanServerInterceptor.exclusiveUnregisterMBean(DefaultMBeanServerInterceptor.java:415)
	at com.sun.jmx.interceptor.DefaultMBeanServerInterceptor.unregisterMBean(DefaultMBeanServerInterceptor.java:403)
	at com.sun.jmx.mbeanserver.JmxMBeanServer.unregisterMBean(JmxMBeanServer.java:516)
	at org.apache.catalina.mbeans.MBeanUtils.destroyMBeanUserDatabase(MBeanUtils.java:1621)
	at org.apache.catalina.mbeans.MBeanUtils.destroyMBean(MBeanUtils.java:1207)
	at org.apache.catalina.deploy.NamingResources.destroyInternal(NamingResources.java:1073)
	at org.apache.catalina.util.LifecycleBase.destroy(LifecycleBase.java:304)
	at org.apache.catalina.core.StandardServer.destroyInternal(StandardServer.java:825)
	at org.apache.catalina.util.LifecycleBase.destroy(LifecycleBase.java:304)
	at org.apache.catalina.startup.Catalina.stop(Catalina.java:743)
	at org.apache.catalina.startup.Catalina.start(Catalina.java:704)
	at sun.reflect.NativeMethodAccessorImpl.invoke0(Native Method)
	at sun.reflect.NativeMethodAccessorImpl.invoke(NativeMethodAccessorImpl.java:39)
	at sun.reflect.DelegatingMethodAccessorImpl.invoke(DelegatingMethodAccessorImpl.java:25)
	at java.lang.reflect.Method.invoke(Method.java:597)
	at org.apache.catalina.startup.Bootstrap.start(Bootstrap.java:322)
	at org.apache.catalina.startup.Bootstrap.main(Bootstrap.java:450)
2015-11-25 11:28:10 org.apache.catalina.core.AprLifecycleListener init
信息: The APR based Apache Tomcat Native library which allows optimal performance in production environments was not found on the java.library.path: .:/Library/Java/Extensions:/System/Library/Java/Extensions:/usr/lib/java
2015-11-25 11:28:10 org.apache.coyote.AbstractProtocol init
信息: Initializing ProtocolHandler ["http-bio-8081"]
2015-11-25 11:28:10 org.apache.coyote.AbstractProtocol init
信息: Initializing ProtocolHandler ["ajp-bio-8011"]
2015-11-25 11:28:10 org.apache.catalina.startup.Catalina load
信息: Initialization processed in 837 ms
2015-11-25 11:28:10 org.apache.catalina.core.StandardService startInternal
信息: Starting service Catalina
2015-11-25 11:28:10 org.apache.catalina.core.StandardEngine startInternal
信息: Starting Servlet Engine: Apache Tomcat/7.0.27
2015-11-25 11:28:10 org.apache.catalina.startup.HostConfig deployDescriptor
信息: Deploying configuration descriptor /Users/baochuquan/Sites/TomCat/conf/Catalina/localhost/ROOT.xml
2015-11-25 11:28:10 org.apache.catalina.startup.HostConfig deployDescriptor
警告: A docBase /Users/baochuquan/Sites/TomCat/webapps/D:/workspace/Jade/webApp inside the host appBase has been specified, and will be ignored
2015-11-25 11:28:10 org.apache.catalina.loader.WebappClassLoader validateJarFile
信息: validateJarFile(/Users/baochuquan/Sites/TomCat/webapps/ROOT/WEB-INF/lib/servlet-api.jar) - jar not loaded. See Servlet Spec 2.3, section 9.7.2. Offending class: javax/servlet/Servlet.class
2015-11-25 11:28:10 org.apache.catalina.loader.WebappClassLoader validateJarFile
信息: validateJarFile(/Users/baochuquan/Sites/TomCat/webapps/ROOT/WEB-INF/lib/servlet.jar) - jar not loaded. See Servlet Spec 2.3, section 9.7.2. Offending class: javax/servlet/Servlet.class
2015-11-25 11:28:15 org.apache.coyote.AbstractProtocol start
信息: Starting ProtocolHandler ["http-bio-8081"]
2015-11-25 11:28:15 org.apache.coyote.AbstractProtocol start
信息: Starting ProtocolHandler ["ajp-bio-8011"]
2015-11-25 11:28:15 org.apache.catalina.startup.Catalina start
信息: Server startup in 4722 ms
2015-11-25 17:46:24 org.apache.catalina.core.StandardServer await
信息: A valid shutdown command was received via the shutdown port. Stopping the Server instance.
2015-11-25 17:46:24 org.apache.coyote.AbstractProtocol pause
信息: Pausing ProtocolHandler ["http-bio-8081"]
2015-11-25 17:46:24 org.apache.coyote.AbstractProtocol pause
信息: Pausing ProtocolHandler ["ajp-bio-8011"]
2015-11-25 17:46:24 org.apache.catalina.core.StandardService stopInternal
信息: Stopping service Catalina
2015-11-25 17:46:25 org.apache.catalina.loader.WebappClassLoader clearReferencesJdbc
严重: The web application [] registered the JDBC driver [com.mysql.jdbc.Driver] but failed to unregister it when the web application was stopped. To prevent a memory leak, the JDBC Driver has been forcibly unregistered.
2015-11-25 17:46:25 org.apache.catalina.loader.WebappClassLoader clearReferencesThreads
严重: The web application [] appears to have started a thread named [SchedulerFactoryBean_Worker-1] but has failed to stop it. This is very likely to create a memory leak.
2015-11-25 17:46:25 org.apache.catalina.loader.WebappClassLoader clearReferencesThreads
严重: The web application [] appears to have started a thread named [SchedulerFactoryBean_Worker-2] but has failed to stop it. This is very likely to create a memory leak.
2015-11-25 17:46:25 org.apache.catalina.loader.WebappClassLoader clearReferencesThreads
严重: The web application [] appears to have started a thread named [SchedulerFactoryBean_Worker-3] but has failed to stop it. This is very likely to create a memory leak.
2015-11-25 17:46:25 org.apache.catalina.loader.WebappClassLoader clearReferencesThreads
严重: The web application [] appears to have started a thread named [SchedulerFactoryBean_Worker-4] but has failed to stop it. This is very likely to create a memory leak.
2015-11-25 17:46:25 org.apache.catalina.loader.WebappClassLoader clearReferencesThreads
严重: The web application [] appears to have started a thread named [SchedulerFactoryBean_Worker-5] but has failed to stop it. This is very likely to create a memory leak.
2015-11-25 17:46:25 org.apache.catalina.loader.WebappClassLoader clearReferencesThreads
严重: The web application [] appears to have started a thread named [SchedulerFactoryBean_Worker-6] but has failed to stop it. This is very likely to create a memory leak.
2015-11-25 17:46:25 org.apache.catalina.loader.WebappClassLoader clearReferencesThreads
严重: The web application [] appears to have started a thread named [SchedulerFactoryBean_Worker-7] but has failed to stop it. This is very likely to create a memory leak.
2015-11-25 17:46:25 org.apache.catalina.loader.WebappClassLoader clearReferencesThreads
严重: The web application [] appears to have started a thread named [SchedulerFactoryBean_Worker-8] but has failed to stop it. This is very likely to create a memory leak.
2015-11-25 17:46:25 org.apache.catalina.loader.WebappClassLoader clearReferencesThreads
严重: The web application [] appears to have started a thread named [SchedulerFactoryBean_Worker-9] but has failed to stop it. This is very likely to create a memory leak.
2015-11-25 17:46:25 org.apache.catalina.loader.WebappClassLoader clearReferencesThreads
严重: The web application [] appears to have started a thread named [SchedulerFactoryBean_Worker-10] but has failed to stop it. This is very likely to create a memory leak.
2015-11-25 17:46:25 org.apache.catalina.loader.WebappClassLoader clearReferencesThreads
严重: The web application [] appears to have started a thread named [com.google.common.base.internal.Finalizer] but has failed to stop it. This is very likely to create a memory leak.
2015-11-25 17:46:25 org.apache.coyote.AbstractProtocol stop
信息: Stopping ProtocolHandler ["http-bio-8081"]
2015-11-25 17:46:25 org.apache.coyote.AbstractProtocol stop
信息: Stopping ProtocolHandler ["ajp-bio-8011"]
2015-11-25 17:46:25 org.apache.coyote.AbstractProtocol destroy
信息: Destroying ProtocolHandler ["http-bio-8081"]
2015-11-25 17:46:25 org.apache.coyote.AbstractProtocol destroy
信息: Destroying ProtocolHandler ["ajp-bio-8011"]
2015-11-25 17:46:25 org.apache.catalina.deploy.NamingResources destroyInternal
警告: Failed to destroy MBean for naming resource [UserDatabase]
javax.management.InstanceNotFoundException: Users:type=UserDatabase,database=UserDatabase
	at com.sun.jmx.interceptor.DefaultMBeanServerInterceptor.getMBean(DefaultMBeanServerInterceptor.java:1092)
	at com.sun.jmx.interceptor.DefaultMBeanServerInterceptor.exclusiveUnregisterMBean(DefaultMBeanServerInterceptor.java:415)
	at com.sun.jmx.interceptor.DefaultMBeanServerInterceptor.unregisterMBean(DefaultMBeanServerInterceptor.java:403)
	at com.sun.jmx.mbeanserver.JmxMBeanServer.unregisterMBean(JmxMBeanServer.java:516)
	at org.apache.catalina.mbeans.MBeanUtils.destroyMBeanUserDatabase(MBeanUtils.java:1621)
	at org.apache.catalina.mbeans.MBeanUtils.destroyMBean(MBeanUtils.java:1207)
	at org.apache.catalina.deploy.NamingResources.destroyInternal(NamingResources.java:1073)
	at org.apache.catalina.util.LifecycleBase.destroy(LifecycleBase.java:304)
	at org.apache.catalina.core.StandardServer.destroyInternal(StandardServer.java:825)
	at org.apache.catalina.util.LifecycleBase.destroy(LifecycleBase.java:304)
	at org.apache.catalina.startup.Catalina.stop(Catalina.java:743)
	at org.apache.catalina.startup.Catalina.start(Catalina.java:704)
	at sun.reflect.NativeMethodAccessorImpl.invoke0(Native Method)
	at sun.reflect.NativeMethodAccessorImpl.invoke(NativeMethodAccessorImpl.java:39)
	at sun.reflect.DelegatingMethodAccessorImpl.invoke(DelegatingMethodAccessorImpl.java:25)
	at java.lang.reflect.Method.invoke(Method.java:597)
	at org.apache.catalina.startup.Bootstrap.start(Bootstrap.java:322)
	at org.apache.catalina.startup.Bootstrap.main(Bootstrap.java:450)
2015-11-25 17:46:34 org.apache.catalina.core.AprLifecycleListener init
信息: The APR based Apache Tomcat Native library which allows optimal performance in production environments was not found on the java.library.path: .:/Library/Java/Extensions:/System/Library/Java/Extensions:/usr/lib/java
2015-11-25 17:46:35 org.apache.coyote.AbstractProtocol init
信息: Initializing ProtocolHandler ["http-bio-8081"]
2015-11-25 17:46:35 org.apache.coyote.AbstractProtocol init
信息: Initializing ProtocolHandler ["ajp-bio-8011"]
2015-11-25 17:46:35 org.apache.catalina.startup.Catalina load
信息: Initialization processed in 929 ms
2015-11-25 17:46:35 org.apache.catalina.core.StandardService startInternal
信息: Starting service Catalina
2015-11-25 17:46:35 org.apache.catalina.core.StandardEngine startInternal
信息: Starting Servlet Engine: Apache Tomcat/7.0.27
2015-11-25 17:46:35 org.apache.catalina.startup.HostConfig deployDescriptor
信息: Deploying configuration descriptor /Users/baochuquan/Sites/TomCat/conf/Catalina/localhost/ROOT.xml
2015-11-25 17:46:35 org.apache.catalina.startup.HostConfig deployDescriptor
警告: A docBase /Users/baochuquan/Sites/TomCat/webapps/D:/workspace/Jade/webApp inside the host appBase has been specified, and will be ignored
2015-11-25 17:46:35 org.apache.catalina.loader.WebappClassLoader validateJarFile
信息: validateJarFile(/Users/baochuquan/Sites/TomCat/webapps/ROOT/WEB-INF/lib/servlet-api.jar) - jar not loaded. See Servlet Spec 2.3, section 9.7.2. Offending class: javax/servlet/Servlet.class
2015-11-25 17:46:35 org.apache.catalina.loader.WebappClassLoader validateJarFile
信息: validateJarFile(/Users/baochuquan/Sites/TomCat/webapps/ROOT/WEB-INF/lib/servlet.jar) - jar not loaded. See Servlet Spec 2.3, section 9.7.2. Offending class: javax/servlet/Servlet.class
2015-11-25 17:46:40 org.apache.coyote.AbstractProtocol start
信息: Starting ProtocolHandler ["http-bio-8081"]
2015-11-25 17:46:40 org.apache.coyote.AbstractProtocol start
信息: Starting ProtocolHandler ["ajp-bio-8011"]
2015-11-25 17:46:40 org.apache.catalina.startup.Catalina start
信息: Server startup in 4496 ms
2015-11-25 18:10:13 org.apache.catalina.core.StandardServer await
信息: A valid shutdown command was received via the shutdown port. Stopping the Server instance.
2015-11-25 18:10:13 org.apache.coyote.AbstractProtocol pause
信息: Pausing ProtocolHandler ["http-bio-8081"]
2015-11-25 18:10:13 org.apache.coyote.AbstractProtocol pause
信息: Pausing ProtocolHandler ["ajp-bio-8011"]
2015-11-25 18:10:13 org.apache.catalina.core.StandardService stopInternal
信息: Stopping service Catalina
2015-11-25 18:10:13 org.apache.catalina.loader.WebappClassLoader clearReferencesJdbc
严重: The web application [] registered the JDBC driver [com.mysql.jdbc.Driver] but failed to unregister it when the web application was stopped. To prevent a memory leak, the JDBC Driver has been forcibly unregistered.
2015-11-25 18:10:13 org.apache.catalina.loader.WebappClassLoader clearReferencesThreads
严重: The web application [] appears to have started a thread named [SchedulerFactoryBean_Worker-1] but has failed to stop it. This is very likely to create a memory leak.
2015-11-25 18:10:13 org.apache.catalina.loader.WebappClassLoader clearReferencesThreads
严重: The web application [] appears to have started a thread named [SchedulerFactoryBean_Worker-2] but has failed to stop it. This is very likely to create a memory leak.
2015-11-25 18:10:13 org.apache.catalina.loader.WebappClassLoader clearReferencesThreads
严重: The web application [] appears to have started a thread named [SchedulerFactoryBean_Worker-3] but has failed to stop it. This is very likely to create a memory leak.
2015-11-25 18:10:13 org.apache.catalina.loader.WebappClassLoader clearReferencesThreads
严重: The web application [] appears to have started a thread named [SchedulerFactoryBean_Worker-4] but has failed to stop it. This is very likely to create a memory leak.
2015-11-25 18:10:13 org.apache.catalina.loader.WebappClassLoader clearReferencesThreads
严重: The web application [] appears to have started a thread named [SchedulerFactoryBean_Worker-5] but has failed to stop it. This is very likely to create a memory leak.
2015-11-25 18:10:13 org.apache.catalina.loader.WebappClassLoader clearReferencesThreads
严重: The web application [] appears to have started a thread named [SchedulerFactoryBean_Worker-6] but has failed to stop it. This is very likely to create a memory leak.
2015-11-25 18:10:13 org.apache.catalina.loader.WebappClassLoader clearReferencesThreads
严重: The web application [] appears to have started a thread named [SchedulerFactoryBean_Worker-7] but has failed to stop it. This is very likely to create a memory leak.
2015-11-25 18:10:13 org.apache.catalina.loader.WebappClassLoader clearReferencesThreads
严重: The web application [] appears to have started a thread named [SchedulerFactoryBean_Worker-8] but has failed to stop it. This is very likely to create a memory leak.
2015-11-25 18:10:13 org.apache.catalina.loader.WebappClassLoader clearReferencesThreads
严重: The web application [] appears to have started a thread named [SchedulerFactoryBean_Worker-9] but has failed to stop it. This is very likely to create a memory leak.
2015-11-25 18:10:13 org.apache.catalina.loader.WebappClassLoader clearReferencesThreads
严重: The web application [] appears to have started a thread named [SchedulerFactoryBean_Worker-10] but has failed to stop it. This is very likely to create a memory leak.
2015-11-25 18:10:13 org.apache.catalina.loader.WebappClassLoader clearReferencesThreads
严重: The web application [] appears to have started a thread named [com.google.common.base.internal.Finalizer] but has failed to stop it. This is very likely to create a memory leak.
2015-11-25 18:10:13 org.apache.coyote.AbstractProtocol stop
信息: Stopping ProtocolHandler ["http-bio-8081"]
2015-11-25 18:10:13 org.apache.coyote.AbstractProtocol stop
信息: Stopping ProtocolHandler ["ajp-bio-8011"]
2015-11-25 18:10:13 org.apache.coyote.AbstractProtocol destroy
信息: Destroying ProtocolHandler ["http-bio-8081"]
2015-11-25 18:10:13 org.apache.coyote.AbstractProtocol destroy
信息: Destroying ProtocolHandler ["ajp-bio-8011"]
2015-11-25 18:10:13 org.apache.catalina.deploy.NamingResources destroyInternal
警告: Failed to destroy MBean for naming resource [UserDatabase]
javax.management.InstanceNotFoundException: Users:type=UserDatabase,database=UserDatabase
	at com.sun.jmx.interceptor.DefaultMBeanServerInterceptor.getMBean(DefaultMBeanServerInterceptor.java:1092)
	at com.sun.jmx.interceptor.DefaultMBeanServerInterceptor.exclusiveUnregisterMBean(DefaultMBeanServerInterceptor.java:415)
	at com.sun.jmx.interceptor.DefaultMBeanServerInterceptor.unregisterMBean(DefaultMBeanServerInterceptor.java:403)
	at com.sun.jmx.mbeanserver.JmxMBeanServer.unregisterMBean(JmxMBeanServer.java:516)
	at org.apache.catalina.mbeans.MBeanUtils.destroyMBeanUserDatabase(MBeanUtils.java:1621)
	at org.apache.catalina.mbeans.MBeanUtils.destroyMBean(MBeanUtils.java:1207)
	at org.apache.catalina.deploy.NamingResources.destroyInternal(NamingResources.java:1073)
	at org.apache.catalina.util.LifecycleBase.destroy(LifecycleBase.java:304)
	at org.apache.catalina.core.StandardServer.destroyInternal(StandardServer.java:825)
	at org.apache.catalina.util.LifecycleBase.destroy(LifecycleBase.java:304)
	at org.apache.catalina.startup.Catalina.stop(Catalina.java:743)
	at org.apache.catalina.startup.Catalina.start(Catalina.java:704)
	at sun.reflect.NativeMethodAccessorImpl.invoke0(Native Method)
	at sun.reflect.NativeMethodAccessorImpl.invoke(NativeMethodAccessorImpl.java:39)
	at sun.reflect.DelegatingMethodAccessorImpl.invoke(DelegatingMethodAccessorImpl.java:25)
	at java.lang.reflect.Method.invoke(Method.java:597)
	at org.apache.catalina.startup.Bootstrap.start(Bootstrap.java:322)
	at org.apache.catalina.startup.Bootstrap.main(Bootstrap.java:450)
2015-11-25 18:10:20 org.apache.catalina.core.AprLifecycleListener init
信息: The APR based Apache Tomcat Native library which allows optimal performance in production environments was not found on the java.library.path: .:/Library/Java/Extensions:/System/Library/Java/Extensions:/usr/lib/java
2015-11-25 18:10:21 org.apache.coyote.AbstractProtocol init
信息: Initializing ProtocolHandler ["http-bio-8081"]
2015-11-25 18:10:21 org.apache.coyote.AbstractProtocol init
信息: Initializing ProtocolHandler ["ajp-bio-8011"]
2015-11-25 18:10:21 org.apache.catalina.startup.Catalina load
信息: Initialization processed in 834 ms
2015-11-25 18:10:21 org.apache.catalina.core.StandardService startInternal
信息: Starting service Catalina
2015-11-25 18:10:21 org.apache.catalina.core.StandardEngine startInternal
信息: Starting Servlet Engine: Apache Tomcat/7.0.27
2015-11-25 18:10:21 org.apache.catalina.startup.HostConfig deployDescriptor
信息: Deploying configuration descriptor /Users/baochuquan/Sites/TomCat/conf/Catalina/localhost/ROOT.xml
2015-11-25 18:10:21 org.apache.catalina.startup.HostConfig deployDescriptor
警告: A docBase /Users/baochuquan/Sites/TomCat/webapps/D:/workspace/Jade/webApp inside the host appBase has been specified, and will be ignored
2015-11-25 18:10:21 org.apache.catalina.loader.WebappClassLoader validateJarFile
信息: validateJarFile(/Users/baochuquan/Sites/TomCat/webapps/ROOT/WEB-INF/lib/servlet-api.jar) - jar not loaded. See Servlet Spec 2.3, section 9.7.2. Offending class: javax/servlet/Servlet.class
2015-11-25 18:10:21 org.apache.catalina.loader.WebappClassLoader validateJarFile
信息: validateJarFile(/Users/baochuquan/Sites/TomCat/webapps/ROOT/WEB-INF/lib/servlet.jar) - jar not loaded. See Servlet Spec 2.3, section 9.7.2. Offending class: javax/servlet/Servlet.class
2015-11-25 18:10:26 org.apache.coyote.AbstractProtocol start
信息: Starting ProtocolHandler ["http-bio-8081"]
2015-11-25 18:10:26 org.apache.coyote.AbstractProtocol start
信息: Starting ProtocolHandler ["ajp-bio-8011"]
2015-11-25 18:10:26 org.apache.catalina.startup.Catalina start
信息: Server startup in 5021 ms
