2015-11-27 12:58:47 org.apache.catalina.core.StandardServer await
信息: A valid shutdown command was received via the shutdown port. Stopping the Server instance.
2015-11-27 12:58:47 org.apache.coyote.AbstractProtocol pause
信息: Pausing ProtocolHandler ["http-bio-8081"]
2015-11-27 12:58:47 org.apache.coyote.AbstractProtocol pause
信息: Pausing ProtocolHandler ["ajp-bio-8011"]
2015-11-27 12:58:47 org.apache.catalina.core.StandardService stopInternal
信息: Stopping service Catalina
2015-11-27 12:58:47 org.apache.catalina.loader.WebappClassLoader clearReferencesJdbc
严重: The web application [] registered the JDBC driver [com.mysql.jdbc.Driver] but failed to unregister it when the web application was stopped. To prevent a memory leak, the JDBC Driver has been forcibly unregistered.
2015-11-27 12:58:47 org.apache.catalina.loader.WebappClassLoader clearReferencesThreads
严重: The web application [] appears to have started a thread named [SchedulerFactoryBean_Worker-1] but has failed to stop it. This is very likely to create a memory leak.
2015-11-27 12:58:47 org.apache.catalina.loader.WebappClassLoader clearReferencesThreads
严重: The web application [] appears to have started a thread named [SchedulerFactoryBean_Worker-2] but has failed to stop it. This is very likely to create a memory leak.
2015-11-27 12:58:47 org.apache.catalina.loader.WebappClassLoader clearReferencesThreads
严重: The web application [] appears to have started a thread named [SchedulerFactoryBean_Worker-3] but has failed to stop it. This is very likely to create a memory leak.
2015-11-27 12:58:47 org.apache.catalina.loader.WebappClassLoader clearReferencesThreads
严重: The web application [] appears to have started a thread named [SchedulerFactoryBean_Worker-4] but has failed to stop it. This is very likely to create a memory leak.
2015-11-27 12:58:47 org.apache.catalina.loader.WebappClassLoader clearReferencesThreads
严重: The web application [] appears to have started a thread named [SchedulerFactoryBean_Worker-5] but has failed to stop it. This is very likely to create a memory leak.
2015-11-27 12:58:47 org.apache.catalina.loader.WebappClassLoader clearReferencesThreads
严重: The web application [] appears to have started a thread named [SchedulerFactoryBean_Worker-6] but has failed to stop it. This is very likely to create a memory leak.
2015-11-27 12:58:47 org.apache.catalina.loader.WebappClassLoader clearReferencesThreads
严重: The web application [] appears to have started a thread named [SchedulerFactoryBean_Worker-7] but has failed to stop it. This is very likely to create a memory leak.
2015-11-27 12:58:47 org.apache.catalina.loader.WebappClassLoader clearReferencesThreads
严重: The web application [] appears to have started a thread named [SchedulerFactoryBean_Worker-8] but has failed to stop it. This is very likely to create a memory leak.
2015-11-27 12:58:47 org.apache.catalina.loader.WebappClassLoader clearReferencesThreads
严重: The web application [] appears to have started a thread named [SchedulerFactoryBean_Worker-9] but has failed to stop it. This is very likely to create a memory leak.
2015-11-27 12:58:47 org.apache.catalina.loader.WebappClassLoader clearReferencesThreads
严重: The web application [] appears to have started a thread named [SchedulerFactoryBean_Worker-10] but has failed to stop it. This is very likely to create a memory leak.
2015-11-27 12:58:47 org.apache.catalina.loader.WebappClassLoader clearReferencesThreads
严重: The web application [] appears to have started a thread named [com.google.common.base.internal.Finalizer] but has failed to stop it. This is very likely to create a memory leak.
2015-11-27 12:58:47 org.apache.coyote.AbstractProtocol stop
信息: Stopping ProtocolHandler ["http-bio-8081"]
2015-11-27 12:58:47 org.apache.coyote.AbstractProtocol stop
信息: Stopping ProtocolHandler ["ajp-bio-8011"]
2015-11-27 12:58:47 org.apache.coyote.AbstractProtocol destroy
信息: Destroying ProtocolHandler ["http-bio-8081"]
2015-11-27 12:58:47 org.apache.coyote.AbstractProtocol destroy
信息: Destroying ProtocolHandler ["ajp-bio-8011"]
2015-11-27 12:58:47 org.apache.catalina.deploy.NamingResources destroyInternal
警告: Failed to destroy MBean for naming resource [UserDatabase]
javax.management.InstanceNotFoundException: Users:type=UserDatabase,database=UserDatabase
	at com.sun.jmx.interceptor.DefaultMBeanServerInterceptor.getMBean(DefaultMBeanServerInterceptor.java:1092)
	at com.sun.jmx.interceptor.DefaultMBeanServerInterceptor.exclusiveUnregisterMBean(DefaultMBeanServerInterceptor.java:415)
	at com.sun.jmx.interceptor.DefaultMBeanServerInterceptor.unregisterMBean(DefaultMBeanServerInterceptor.java:403)
	at com.sun.jmx.mbeanserver.JmxMBeanServer.unregisterMBean(JmxMBeanServer.java:516)
	at org.apache.catalina.mbeans.MBeanUtils.destroyMBeanUserDatabase(MBeanUtils.java:1621)
	at org.apache.catalina.mbeans.MBeanUtils.destroyMBean(MBeanUtils.java:1207)
	at org.apache.catalina.deploy.NamingResources.destroyInternal(NamingResources.java:1073)
	at org.apache.catalina.util.LifecycleBase.destroy(LifecycleBase.java:304)
	at org.apache.catalina.core.StandardServer.destroyInternal(StandardServer.java:825)
	at org.apache.catalina.util.LifecycleBase.destroy(LifecycleBase.java:304)
	at org.apache.catalina.startup.Catalina.stop(Catalina.java:743)
	at org.apache.catalina.startup.Catalina.start(Catalina.java:704)
	at sun.reflect.NativeMethodAccessorImpl.invoke0(Native Method)
	at sun.reflect.NativeMethodAccessorImpl.invoke(NativeMethodAccessorImpl.java:39)
	at sun.reflect.DelegatingMethodAccessorImpl.invoke(DelegatingMethodAccessorImpl.java:25)
	at java.lang.reflect.Method.invoke(Method.java:597)
	at org.apache.catalina.startup.Bootstrap.start(Bootstrap.java:322)
	at org.apache.catalina.startup.Bootstrap.main(Bootstrap.java:450)
2015-11-27 13:01:36 org.apache.catalina.core.AprLifecycleListener init
信息: The APR based Apache Tomcat Native library which allows optimal performance in production environments was not found on the java.library.path: .:/Library/Java/Extensions:/System/Library/Java/Extensions:/usr/lib/java
2015-11-27 13:01:36 org.apache.coyote.AbstractProtocol init
信息: Initializing ProtocolHandler ["http-bio-8081"]
2015-11-27 13:01:37 org.apache.coyote.AbstractProtocol init
信息: Initializing ProtocolHandler ["ajp-bio-8011"]
2015-11-27 13:01:37 org.apache.catalina.startup.Catalina load
信息: Initialization processed in 946 ms
2015-11-27 13:01:37 org.apache.catalina.core.StandardService startInternal
信息: Starting service Catalina
2015-11-27 13:01:37 org.apache.catalina.core.StandardEngine startInternal
信息: Starting Servlet Engine: Apache Tomcat/7.0.27
2015-11-27 13:01:37 org.apache.catalina.startup.HostConfig deployDescriptor
信息: Deploying configuration descriptor /Users/baochuquan/Sites/TomCat/conf/Catalina/localhost/ROOT.xml
2015-11-27 13:01:37 org.apache.catalina.startup.HostConfig deployDescriptor
警告: A docBase /Users/baochuquan/Sites/TomCat/webapps/D:/workspace/Jade/webApp inside the host appBase has been specified, and will be ignored
2015-11-27 13:01:37 org.apache.catalina.loader.WebappClassLoader validateJarFile
信息: validateJarFile(/Users/baochuquan/Sites/TomCat/webapps/ROOT/WEB-INF/lib/servlet-api.jar) - jar not loaded. See Servlet Spec 2.3, section 9.7.2. Offending class: javax/servlet/Servlet.class
2015-11-27 13:01:37 org.apache.catalina.loader.WebappClassLoader validateJarFile
信息: validateJarFile(/Users/baochuquan/Sites/TomCat/webapps/ROOT/WEB-INF/lib/servlet.jar) - jar not loaded. See Servlet Spec 2.3, section 9.7.2. Offending class: javax/servlet/Servlet.class
2015-11-27 13:01:41 org.apache.coyote.AbstractProtocol start
信息: Starting ProtocolHandler ["http-bio-8081"]
2015-11-27 13:01:41 org.apache.coyote.AbstractProtocol start
信息: Starting ProtocolHandler ["ajp-bio-8011"]
2015-11-27 13:01:41 org.apache.catalina.startup.Catalina start
信息: Server startup in 4717 ms
2015-11-27 16:11:11 org.apache.catalina.core.StandardServer await
信息: A valid shutdown command was received via the shutdown port. Stopping the Server instance.
2015-11-27 16:11:11 org.apache.coyote.AbstractProtocol pause
信息: Pausing ProtocolHandler ["http-bio-8081"]
2015-11-27 16:11:11 org.apache.coyote.AbstractProtocol pause
信息: Pausing ProtocolHandler ["ajp-bio-8011"]
2015-11-27 16:11:11 org.apache.catalina.core.StandardService stopInternal
信息: Stopping service Catalina
2015-11-27 16:11:11 org.apache.catalina.loader.WebappClassLoader clearReferencesJdbc
严重: The web application [] registered the JDBC driver [com.mysql.jdbc.Driver] but failed to unregister it when the web application was stopped. To prevent a memory leak, the JDBC Driver has been forcibly unregistered.
2015-11-27 16:11:11 org.apache.catalina.loader.WebappClassLoader clearReferencesThreads
严重: The web application [] appears to have started a thread named [SchedulerFactoryBean_Worker-2] but has failed to stop it. This is very likely to create a memory leak.
2015-11-27 16:11:11 org.apache.catalina.loader.WebappClassLoader clearReferencesThreads
严重: The web application [] appears to have started a thread named [SchedulerFactoryBean_Worker-3] but has failed to stop it. This is very likely to create a memory leak.
2015-11-27 16:11:11 org.apache.catalina.loader.WebappClassLoader clearReferencesThreads
严重: The web application [] appears to have started a thread named [SchedulerFactoryBean_Worker-4] but has failed to stop it. This is very likely to create a memory leak.
2015-11-27 16:11:11 org.apache.catalina.loader.WebappClassLoader clearReferencesThreads
严重: The web application [] appears to have started a thread named [SchedulerFactoryBean_Worker-5] but has failed to stop it. This is very likely to create a memory leak.
2015-11-27 16:11:11 org.apache.catalina.loader.WebappClassLoader clearReferencesThreads
严重: The web application [] appears to have started a thread named [SchedulerFactoryBean_Worker-6] but has failed to stop it. This is very likely to create a memory leak.
2015-11-27 16:11:11 org.apache.catalina.loader.WebappClassLoader clearReferencesThreads
严重: The web application [] appears to have started a thread named [SchedulerFactoryBean_Worker-7] but has failed to stop it. This is very likely to create a memory leak.
2015-11-27 16:11:11 org.apache.catalina.loader.WebappClassLoader clearReferencesThreads
严重: The web application [] appears to have started a thread named [SchedulerFactoryBean_Worker-8] but has failed to stop it. This is very likely to create a memory leak.
2015-11-27 16:11:11 org.apache.catalina.loader.WebappClassLoader clearReferencesThreads
严重: The web application [] appears to have started a thread named [SchedulerFactoryBean_Worker-9] but has failed to stop it. This is very likely to create a memory leak.
2015-11-27 16:11:11 org.apache.catalina.loader.WebappClassLoader clearReferencesThreads
严重: The web application [] appears to have started a thread named [SchedulerFactoryBean_Worker-10] but has failed to stop it. This is very likely to create a memory leak.
2015-11-27 16:11:11 org.apache.catalina.loader.WebappClassLoader clearReferencesThreads
严重: The web application [] appears to have started a thread named [com.google.common.base.internal.Finalizer] but has failed to stop it. This is very likely to create a memory leak.
2015-11-27 16:11:11 org.apache.coyote.AbstractProtocol stop
信息: Stopping ProtocolHandler ["http-bio-8081"]
2015-11-27 16:11:11 org.apache.coyote.AbstractProtocol stop
信息: Stopping ProtocolHandler ["ajp-bio-8011"]
2015-11-27 16:11:11 org.apache.coyote.AbstractProtocol destroy
信息: Destroying ProtocolHandler ["http-bio-8081"]
2015-11-27 16:11:11 org.apache.coyote.AbstractProtocol destroy
信息: Destroying ProtocolHandler ["ajp-bio-8011"]
2015-11-27 16:11:11 org.apache.catalina.deploy.NamingResources destroyInternal
警告: Failed to destroy MBean for naming resource [UserDatabase]
javax.management.InstanceNotFoundException: Users:type=UserDatabase,database=UserDatabase
	at com.sun.jmx.interceptor.DefaultMBeanServerInterceptor.getMBean(DefaultMBeanServerInterceptor.java:1092)
	at com.sun.jmx.interceptor.DefaultMBeanServerInterceptor.exclusiveUnregisterMBean(DefaultMBeanServerInterceptor.java:415)
	at com.sun.jmx.interceptor.DefaultMBeanServerInterceptor.unregisterMBean(DefaultMBeanServerInterceptor.java:403)
	at com.sun.jmx.mbeanserver.JmxMBeanServer.unregisterMBean(JmxMBeanServer.java:516)
	at org.apache.catalina.mbeans.MBeanUtils.destroyMBeanUserDatabase(MBeanUtils.java:1621)
	at org.apache.catalina.mbeans.MBeanUtils.destroyMBean(MBeanUtils.java:1207)
	at org.apache.catalina.deploy.NamingResources.destroyInternal(NamingResources.java:1073)
	at org.apache.catalina.util.LifecycleBase.destroy(LifecycleBase.java:304)
	at org.apache.catalina.core.StandardServer.destroyInternal(StandardServer.java:825)
	at org.apache.catalina.util.LifecycleBase.destroy(LifecycleBase.java:304)
	at org.apache.catalina.startup.Catalina.stop(Catalina.java:743)
	at org.apache.catalina.startup.Catalina.start(Catalina.java:704)
	at sun.reflect.NativeMethodAccessorImpl.invoke0(Native Method)
	at sun.reflect.NativeMethodAccessorImpl.invoke(NativeMethodAccessorImpl.java:39)
	at sun.reflect.DelegatingMethodAccessorImpl.invoke(DelegatingMethodAccessorImpl.java:25)
	at java.lang.reflect.Method.invoke(Method.java:597)
	at org.apache.catalina.startup.Bootstrap.start(Bootstrap.java:322)
	at org.apache.catalina.startup.Bootstrap.main(Bootstrap.java:450)
2015-11-27 16:11:20 org.apache.catalina.core.AprLifecycleListener init
信息: The APR based Apache Tomcat Native library which allows optimal performance in production environments was not found on the java.library.path: .:/Library/Java/Extensions:/System/Library/Java/Extensions:/usr/lib/java
2015-11-27 16:11:21 org.apache.coyote.AbstractProtocol init
信息: Initializing ProtocolHandler ["http-bio-8081"]
2015-11-27 16:11:21 org.apache.coyote.AbstractProtocol init
信息: Initializing ProtocolHandler ["ajp-bio-8011"]
2015-11-27 16:11:21 org.apache.catalina.startup.Catalina load
信息: Initialization processed in 910 ms
2015-11-27 16:11:21 org.apache.catalina.core.StandardService startInternal
信息: Starting service Catalina
2015-11-27 16:11:21 org.apache.catalina.core.StandardEngine startInternal
信息: Starting Servlet Engine: Apache Tomcat/7.0.27
2015-11-27 16:11:21 org.apache.catalina.startup.HostConfig deployDescriptor
信息: Deploying configuration descriptor /Users/baochuquan/Sites/TomCat/conf/Catalina/localhost/ROOT.xml
2015-11-27 16:11:21 org.apache.catalina.startup.HostConfig deployDescriptor
警告: A docBase /Users/baochuquan/Sites/TomCat/webapps/D:/workspace/Jade/webApp inside the host appBase has been specified, and will be ignored
2015-11-27 16:11:21 org.apache.catalina.loader.WebappClassLoader validateJarFile
信息: validateJarFile(/Users/baochuquan/Sites/TomCat/webapps/ROOT/WEB-INF/lib/servlet-api.jar) - jar not loaded. See Servlet Spec 2.3, section 9.7.2. Offending class: javax/servlet/Servlet.class
2015-11-27 16:11:21 org.apache.catalina.loader.WebappClassLoader validateJarFile
信息: validateJarFile(/Users/baochuquan/Sites/TomCat/webapps/ROOT/WEB-INF/lib/servlet.jar) - jar not loaded. See Servlet Spec 2.3, section 9.7.2. Offending class: javax/servlet/Servlet.class
2015-11-27 16:11:25 org.apache.coyote.AbstractProtocol start
信息: Starting ProtocolHandler ["http-bio-8081"]
2015-11-27 16:11:25 org.apache.coyote.AbstractProtocol start
信息: Starting ProtocolHandler ["ajp-bio-8011"]
2015-11-27 16:11:25 org.apache.catalina.startup.Catalina start
信息: Server startup in 4739 ms
