2015-11-25 9:16:31 org.apache.catalina.core.ApplicationContext log
信息: Initializing Spring root WebApplicationContext
2015-11-25 9:20:02 org.apache.catalina.core.StandardWrapperValve invoke
严重: Servlet.service() for servlet [StripesDispatcher] in context with path [] threw exception [Unhandled exception in exception handler.] with root cause
java.sql.SQLException: null,  message from server: "Host '192.168.1.132' is not allowed to connect to this MySQL server"
	at com.mysql.jdbc.MysqlIO.doHandshake(MysqlIO.java:991)
	at com.mysql.jdbc.Connection.createNewIO(Connection.java:2558)
	at com.mysql.jdbc.Connection.<init>(Connection.java:1485)
	at com.mysql.jdbc.NonRegisteringDriver.connect(NonRegisteringDriver.java:266)
	at java.sql.DriverManager.getConnection(DriverManager.java:582)
	at java.sql.DriverManager.getConnection(DriverManager.java:185)
	at com.jolbox.bonecp.BoneCP.obtainRawInternalConnection(BoneCP.java:256)
	at com.jolbox.bonecp.BoneCP.<init>(BoneCP.java:305)
	at com.jolbox.bonecp.BoneCPDataSource.maybeInit(BoneCPDataSource.java:150)
	at com.jolbox.bonecp.BoneCPDataSource.getConnection(BoneCPDataSource.java:112)
	at org.springframework.jdbc.datasource.DataSourceUtils.doGetConnection(DataSourceUtils.java:111)
	at org.springframework.jdbc.datasource.DataSourceUtils.getConnection(DataSourceUtils.java:77)
	at org.mybatis.spring.SqlSessionUtils.getSqlSession(SqlSessionUtils.java:116)
	at org.mybatis.spring.SqlSessionTemplate$SqlSessionInterceptor.invoke(SqlSessionTemplate.java:333)
	at com.sun.proxy.$Proxy6.selectList(Unknown Source)
	at org.mybatis.spring.SqlSessionTemplate.selectList(SqlSessionTemplate.java:189)
	at org.apache.ibatis.binding.MapperMethod.executeForList(MapperMethod.java:100)
	at org.apache.ibatis.binding.MapperMethod.execute(MapperMethod.java:70)
	at org.apache.ibatis.binding.MapperProxy.invoke(MapperProxy.java:38)
	at com.sun.proxy.$Proxy14.getDeptAllList(Unknown Source)
	at com.helpyouworkeasy.service.DeptService.getDeptAllList(DeptService.java:28)
	at com.helpyouworkeasy.web.actions.DeptActionBean.getDeptList(DeptActionBean.java:145)
	at sun.reflect.NativeMethodAccessorImpl.invoke0(Native Method)
	at sun.reflect.NativeMethodAccessorImpl.invoke(NativeMethodAccessorImpl.java:39)
	at sun.reflect.DelegatingMethodAccessorImpl.invoke(DelegatingMethodAccessorImpl.java:25)
	at java.lang.reflect.Method.invoke(Method.java:597)
	at net.sourceforge.stripes.controller.DispatcherHelper$6.intercept(DispatcherHelper.java:467)
	at net.sourceforge.stripes.controller.ExecutionContext.proceed(ExecutionContext.java:158)
	at net.sourceforge.stripes.controller.BeforeAfterMethodInterceptor.intercept(BeforeAfterMethodInterceptor.java:113)
	at net.sourceforge.stripes.controller.ExecutionContext.proceed(ExecutionContext.java:155)
	at net.sourceforge.stripes.controller.ExecutionContext.wrap(ExecutionContext.java:74)
	at net.sourceforge.stripes.controller.DispatcherHelper.invokeEventHandler(DispatcherHelper.java:465)
	at net.sourceforge.stripes.controller.DispatcherServlet.invokeEventHandler(DispatcherServlet.java:278)
	at net.sourceforge.stripes.controller.DispatcherServlet.service(DispatcherServlet.java:160)
	at javax.servlet.http.HttpServlet.service(HttpServlet.java:722)
	at org.apache.catalina.core.ApplicationFilterChain.internalDoFilter(ApplicationFilterChain.java:305)
	at org.apache.catalina.core.ApplicationFilterChain.doFilter(ApplicationFilterChain.java:210)
	at net.sourceforge.stripes.controller.StripesFilter.doFilter(StripesFilter.java:247)
	at org.apache.catalina.core.ApplicationFilterChain.internalDoFilter(ApplicationFilterChain.java:243)
	at org.apache.catalina.core.ApplicationFilterChain.doFilter(ApplicationFilterChain.java:210)
	at org.apache.catalina.core.StandardWrapperValve.invoke(StandardWrapperValve.java:225)
	at org.apache.catalina.core.StandardContextValve.invoke(StandardContextValve.java:169)
	at org.apache.catalina.authenticator.AuthenticatorBase.invoke(AuthenticatorBase.java:472)
	at org.apache.catalina.core.StandardHostValve.invoke(StandardHostValve.java:168)
	at org.apache.catalina.valves.ErrorReportValve.invoke(ErrorReportValve.java:98)
	at org.apache.catalina.core.StandardEngineValve.invoke(StandardEngineValve.java:118)
	at org.apache.catalina.connector.CoyoteAdapter.service(CoyoteAdapter.java:407)
	at org.apache.coyote.http11.AbstractHttp11Processor.process(AbstractHttp11Processor.java:999)
	at org.apache.coyote.AbstractProtocol$AbstractConnectionHandler.process(AbstractProtocol.java:565)
	at org.apache.tomcat.util.net.JIoEndpoint$SocketProcessor.run(JIoEndpoint.java:309)
	at java.util.concurrent.ThreadPoolExecutor$Worker.runTask(ThreadPoolExecutor.java:895)
	at java.util.concurrent.ThreadPoolExecutor$Worker.run(ThreadPoolExecutor.java:918)
	at java.lang.Thread.run(Thread.java:695)
2015-11-25 9:37:28 org.apache.catalina.core.ApplicationContext log
信息: Closing Spring root WebApplicationContext
2015-11-25 9:37:51 org.apache.catalina.core.ApplicationContext log
信息: Initializing Spring root WebApplicationContext
2015-11-25 11:27:45 org.apache.catalina.core.ApplicationContext log
信息: Closing Spring root WebApplicationContext
2015-11-25 11:28:11 org.apache.catalina.core.ApplicationContext log
信息: Initializing Spring root WebApplicationContext
2015-11-25 17:46:24 org.apache.catalina.core.ApplicationContext log
信息: Closing Spring root WebApplicationContext
2015-11-25 17:46:36 org.apache.catalina.core.ApplicationContext log
信息: Initializing Spring root WebApplicationContext
2015-11-25 18:10:13 org.apache.catalina.core.ApplicationContext log
信息: Closing Spring root WebApplicationContext
2015-11-25 18:10:22 org.apache.catalina.core.ApplicationContext log
信息: Initializing Spring root WebApplicationContext
